{
  "RSpec": {
    "coverage": {
      "/Users/danielfenjves/development/projects/daily-levels/app/controllers/statuses_controller.rb": [
        1,
        null,
        1,
        3,
        null,
        null,
        1,
        0,
        null,
        null,
        1,
        5,
        null,
        null,
        1,
        5,
        5,
        3,
        3,
        null,
        2,
        2,
        2,
        0,
        0,
        0,
        null,
        null,
        null,
        null,
        1,
        null,
        1,
        0,
        null,
        null,
        1,
        5,
        null,
        null,
        null
      ],
      "/Users/danielfenjves/development/projects/daily-levels/app/controllers/application_controller.rb": [
        1,
        null,
        null,
        1,
        null
      ],
      "/Users/danielfenjves/development/projects/daily-levels/app/models/status.rb": [
        1,
        1,
        1,
        null
      ]
    },
    "timestamp": 1400082477
  }
}
